{
    "hits": {
        "hits": [
            {
                "_type": "HKCD",
                "highlight": {
                    "content": [
                        "\u3010\u5546\u5831\u8a0a\u3011\u529b<tag1>\u5bf6</tag1>\u83ef\u6f64\uff08\u4e00\u4e94\u516d\uff09\u5e74\u5167\u7a4d\u6975\u51fa\u552e\u5730\u7522\u7269\u696d\ufe50\u4f46\u8a72\u516c\u53f8\u5c07\u8981\u5728\u4eca\u5e74",
                        "\u5e95\u6642\u518d\u70ba\u5370\u5c3c\u5927\u578b\u7269\u696d\u6295\u8cc7\u9032\u884c\u5168\u9762\u6e1b\u503c\u6e96\u5099\u3002\u6b64\u5916\ufe50\u529b<tag1>\u5bf6</tag1>\u4e26\u6253\u7b97\u70ba\u5a01\u6a02\uff08\u516b\u4e03\u4e09",
                        "    \u529b<tag1>\u5bf6</tag1>\u83ef\u6f64\u5148\u5f8c\u51fa\u552e\u6578\u500b\u672c\u6e2f\u7269\u696d\u5957\u73fe\u511f\u50b5\ufe50\u4f46\u4f54\u8a72\u516c\u53f8\u7e3d\u8cc7\u503c\u4e00\u6210\u7684\u5370\u5c3c\u529b<tag1>\u5bf6</tag1>",
                        "    \u529b<tag1>\u5bf6</tag1>\u83ef\u6f64\u65bc\u4e5d\u4e03\u5e74\u5ea6\u7684\u6c38\u4e45\u6e1b\u503c\u64a5\u5099\u9054\u56db\u5104\u56db\u5343\u591a\u842c\u5143\ufe50\u5176\u4e2d\u4e3b\u8981\u662f\u4f86\u81ea\u529b<tag1>\u5bf6</tag1>",
                        "\u6751\u9805\u76ee\u3002\u529b<tag1>\u5bf6</tag1>\u83ef\u6f64\u8463\u4e8b\u7e3d\u7d93\u7406\u674e\u806f\u7152\u8868\u793a\ufe50\u8a72\u516c\u53f8\u5c07\u6703\u5c31\u6b64\u9805\u76ee\u4f5c\u5168\u9762\u7684\u8ca1\u653f\u53cd\u6620"
                    ]
                },
                "_index": "trec",
                "_id": "HKCD-19981224-0015",
                "_score": 5.6502852,
                "_source": {
                    "content": [
                        "\u3010\u5546\u5831\u8a0a\u3011\u529b\u5bf6\u83ef\u6f64\uff08\u4e00\u4e94\u516d\uff09\u5e74\u5167\u7a4d\u6975\u51fa\u552e\u5730\u7522\u7269\u696d\ufe50\u4f46\u8a72\u516c\u53f8\u5c07\u8981\u5728\u4eca\u5e74",
                        "\u5e95\u6642\u518d\u70ba\u5370\u5c3c\u5927\u578b\u7269\u696d\u6295\u8cc7\u9032\u884c\u5168\u9762\u6e1b\u503c\u6e96\u5099\u3002\u6b64\u5916\ufe50\u529b\u5bf6\u4e26\u6253\u7b97\u70ba\u5a01\u6a02\uff08\u516b\u4e03\u4e09",
                        "\uff09\u6b20\u8a72\u516c\u53f8\u6578\u767e\u842c\u5143\u501f\u6b3e\u4f5c\u6487\u5e33\u3002",
                        "",
                        "    \u529b\u5bf6\u83ef\u6f64\u5148\u5f8c\u51fa\u552e\u6578\u500b\u672c\u6e2f\u7269\u696d\u5957\u73fe\u511f\u50b5\ufe50\u4f46\u4f54\u8a72\u516c\u53f8\u7e3d\u8cc7\u503c\u4e00\u6210\u7684\u5370\u5c3c\u529b\u5bf6",
                        "\u6751\u767c\u5c55\u9805\u76ee\ufe50\u5247\u672a\u6709\u8a08\u5283\u6e1b\u6301\u3002\u56e0\u6b64\ufe50\u9451\u65bc\u8ca8\u5e63\u532f\u7387\u6301\u7e8c\u6ce2\u52d5\ufe50\u8a72\u516c\u53f8\u4e5d\u516b\u5e74\u5c07\u7e7c",
                        "\u7e8c\u8981\u70ba\u6b64\u9805\u76ee\u9032\u884c\u6e1b\u503c\u6e96\u5099\u3002",
                        "",
                        "    \u529b\u5bf6\u83ef\u6f64\u65bc\u4e5d\u4e03\u5e74\u5ea6\u7684\u6c38\u4e45\u6e1b\u503c\u64a5\u5099\u9054\u56db\u5104\u56db\u5343\u591a\u842c\u5143\ufe50\u5176\u4e2d\u4e3b\u8981\u662f\u4f86\u81ea\u529b\u5bf6",
                        "\u6751\u9805\u76ee\u3002\u529b\u5bf6\u83ef\u6f64\u8463\u4e8b\u7e3d\u7d93\u7406\u674e\u806f\u7152\u8868\u793a\ufe50\u8a72\u516c\u53f8\u5c07\u6703\u5c31\u6b64\u9805\u76ee\u4f5c\u5168\u9762\u7684\u8ca1\u653f\u53cd\u6620",
                        "\u3002",
                        "",
                        "    \u6b64\u5916\ufe50\u554f\u984c\u516c\u53f8\u5a01\u6a02\u88ab\u806f\u4ea4\u6240\u53ca\u5546\u696d\u7f6a\u6848\u8abf\u67e5\u79d1\u8abf\u67e5\u8ddf\u9032\u671f\u9593\ufe50\u540c\u6642\u906d\u591a\u9593\u9280",
                        "\u884c\u53ca\u516c\u53f8\u5165\u7a1f\u6cd5\u9662\u8ffd\u8a0e\u6b20\u6b3e\ufe50\u6d89\u53ca\u91d1\u984d\u5408\u5171\u903e\u56db\u5104\u5143\u3002",
                        "",
                        "    \u64da\u674e\u806f\u7152\u7a31\ufe50\u539f\u4f86\u5a01\u6a02\u9084\u6b20\u4e0b\u4e0a\u5e02\u4fdd\u85a6\u4eba\u529b\u5bf6\u4e03\u767e\u842c\u5143\u501f\u6b3e\ufe50\u4f46\u529b\u5bf6\u65b9\u9762\u672a\u64ec",
                        "\u5b9a\u5982\u4f55\u8655\u7406\ufe50\u8a72\u516c\u53f8\u73fe\u6b63\u5c0b\u6c42\u6cd5\u5f8b\u610f\u898b\ufe50\u800c\u529b\u5bf6\u83ef\u6f64\u5c07\u63a1\u53d6\u4fdd\u5b88\u7684\u65b9\u6cd5\u53bb\u8655\u7406\u8a72\u7b46",
                        "\u6b3e\u9805\ufe50\u6697\u793a\u53ef\u80fd\u6703\u65bc\u5e74\u5e95\u6642\u4f5c\u51fa\u6487\u5e33\u3002",
                        "",
                        "    \u81f3\u65bc\u5a01\u6a02\u65e9\u524d\u88ab\u63ed\u767c\u516c\u53f8\u91cd\u8981\u6587\u4ef6\u5931\u7aca\ufe50\u5c0e\u81f4\u4e0d\u80fd\u5b8c\u6210\u5e74\u5ea6\u5e33\u76ee\u5be9\u8a08\u5de5\u4f5c\ufe50\u529b",
                        "\u5bf6\u65b9\u9762\u4e26\u4e0d\u77e5\u9053\u8a73\u7d30\u60c5\u6cc1\u3002",
                        "",
                        "    \u529b\u5bf6\u8f49\u8b93\u83ef\u9280\u63a7\u80a1\uff08\u516d\u4e94\u4e94\uff09\u80a1\u4efd\u8a08\u5283\u5931\u6557\u5f8c\ufe50\u66ab\u6642\u6c92\u6709\u610f\u5411\u518d\u5c07\u4e4b\u51fa\u552e\u3002\u800c",
                        "\u529b\u5bf6\u83ef\u6f64\u76ee\u524d\u6b63\u81f4\u529b\u978f\u56fa\u73fe\u6709\u696d\u52d9\u3002",
                        "",
                        "    \u4eca\u5e74\u5e95\u529b\u5bf6\u83ef\u6f64\u5c07\u8d16\u56de\u4e00\u6279\u7e3d\u503c\u516b\u81f3\u4e5d\u5343\u842c\u7f8e\u5143\u7684\u53ef\u63db\u80a1\u7968\u64da\ufe50\u9810\u6599\u4e0d\u6703\u70ba\u516c",
                        "\u53f8\u5e36\u4f86\u878d\u8cc7\u58d3\u529b\ufe50\u800c\u76ee\u524d\u7684\u8ca0\u50b5\u6bd4\u7387\u5df2\u5927\u5e45\u964d\u4f4e\u3002\u674e\u806f\u7152\u91cd\u7533\ufe50\u8a72\u516c\u53f8\u4e26\u7121\u96c6\u8cc7\u9700",
                        "\u8981\u3002",
                        "",
                        "    \u53e6\u5916\ufe50\u88ab\u554f\u5230\u529b\u5bf6\uff08\u4e8c\u4e8c\u516d\uff09\u5f15\u5165\u65b0\u9d3b\u57fa\u516c\u53f8\uff08\u516b\u516d\uff09\u70ba\u516c\u53f8\u80a1\u6771\u5f8c\ufe50\u6703\u5426\u5408",
                        "\u4f75\u5169\u8005\u65d7\u4e0b\u7684\u8b49\u5238\u696d\u52d9\ufe50\u674e\u6c0f\u7a31\u4e0d\u53ef\u62b9\u715e\u5c07\u4f86\u6703\u6709\u6b64\u53ef\u80fd\u6027\ufe54\u4f46\u5c0d\u65bc\u529b\u5bf6\u5927\u80a1\u6771\u6703",
                        "\u5426\u9010\u6b65\u6e1b\u6301\u624b\u4e0a\u80a1\u4efd\ufe50\u4ed6\u8868\u793a\u4e0d\u77e5\u9053\u3002",
                        "",
                        "    ",
                        "",
                        "",
                        "",
                        "\u672c\u6587\u7ae0\u7248\u6b0a\u5c6c\u65bc\u9999\u6e2f\u5546\u5831\u6240\u6709\uff0c\u4e26\u7d93\u7531\u6167\u79d1\u8a0a\u696d\u6709\u9650\u516c\u53f8\u767c\u653e\uff0c\u5982\u9700\u8f49\u767c\uff0c\u5fc5\u9808\u7372\u8a72\u5831\u540c\u610f\u3002\u7248\u6b0a\u6240\u6709\uff0c\u7ffb\u5370\u5fc5\u7a76\u3002"
                    ]
                }
            },
            {
                "_type": "HKCD",
                "highlight": {
                    "content": [
                        "\u3010\u5546\u5831\u8a0a\u3011\u8cbf\u6613\u767c\u5c55\u5c40\u73e0<tag1>\u5bf6</tag1>\u696d\u8aee\u8a62\u59d4\u54e1\u6703\u4e3b\u5e2d\u6881\u9069\u83ef\u8868",
                        "\u793a\ufe50\u9999\u6e2f\u7d93\u6fdf\u96d6\u53d7\u91d1\u878d\u98a8\u66b4\u5f71\u97ff\ufe50\u4f46\u7531\u65bc\u6b50\uff64\u7f8e\u5e02\u57f8\u5c0d\u4e2d\uff64\u9ad8\u6a94\u73e0<tag1>\u5bf6</tag1>\u9996\u98fe\u9700\u6c42\u751a\u6bb7",
                        "\ufe50\u6545\u4eca\u5e74\u73e0<tag1>\u5bf6</tag1>\u51fa\u53e3\u8868\u73fe\u4ecd\u7136\u6a02\u89c0\u3002\u800c\u947d\u77f3\u5165\u53e3\u5546\u6703\u4e3b\u5e2d\u6234\u7cbe\u52c7\u5247\u8b02\u53bb\u5e74\u5728\u672c\u6e2f\u5341\u4e09",
                        "\u500b\u4e3b\u8981\u51fa\u53e3\u884c\u696d\u4e2d\ufe50\u552f\u7368\u73e0<tag1>\u5bf6</tag1>\u696d\u7e3d\u51fa\u53e3\u4e0d\u8dcc\u53cd\u5347\u3002",
                        "    \u6881\u9069\u83ef\u6628\u4e3b\u6301\u2018\u9999\u6e2f\u570b\u969b\u73e0<tag1>\u5bf6</tag1>\u5c55\u4e5d\u4e5d\u2019\u958b\u5e55\u79ae\u6642\u8868\u793a\ufe50\u53bb\u5e74\u672c\u6e2f\u9047\u8457\u91d1\u878d\u98a8\u66b4"
                    ]
                },
                "_index": "trec",
                "_id": "HKCD-19990316-0014",
                "_score": 5.505648,
                "_source": {
                    "content": [
                        "\u3010\u5546\u5831\u8a0a\u3011\u8cbf\u6613\u767c\u5c55\u5c40\u73e0\u5bf6\u696d\u8aee\u8a62\u59d4\u54e1\u6703\u4e3b\u5e2d\u6881\u9069\u83ef\u8868",
                        "\u793a\ufe50\u9999\u6e2f\u7d93\u6fdf\u96d6\u53d7\u91d1\u878d\u98a8\u66b4\u5f71\u97ff\ufe50\u4f46\u7531\u65bc\u6b50\uff64\u7f8e\u5e02\u57f8\u5c0d\u4e2d\uff64\u9ad8\u6a94\u73e0\u5bf6\u9996\u98fe\u9700\u6c42\u751a\u6bb7",
                        "\ufe50\u6545\u4eca\u5e74\u73e0\u5bf6\u51fa\u53e3\u8868\u73fe\u4ecd\u7136\u6a02\u89c0\u3002\u800c\u947d\u77f3\u5165\u53e3\u5546\u6703\u4e3b\u5e2d\u6234\u7cbe\u52c7\u5247\u8b02\u53bb\u5e74\u5728\u672c\u6e2f\u5341\u4e09",
                        "\u500b\u4e3b\u8981\u51fa\u53e3\u884c\u696d\u4e2d\ufe50\u552f\u7368\u73e0\u5bf6\u696d\u7e3d\u51fa\u53e3\u4e0d\u8dcc\u53cd\u5347\u3002",
                        "",
                        "    \u6881\u9069\u83ef\u6628\u4e3b\u6301\u2018\u9999\u6e2f\u570b\u969b\u73e0\u5bf6\u5c55\u4e5d\u4e5d\u2019\u958b\u5e55\u79ae\u6642\u8868\u793a\ufe50\u53bb\u5e74\u672c\u6e2f\u9047\u8457\u91d1\u878d\u98a8\u66b4",
                        "\ufe50\u73e0\u5bf6\u51fa\u53e3\u81f3\u6771\u5357\u4e9e\u5730\u5340\u7684\u751f\u610f\u53d7\u5230\u4e00\u5b9a\u7a0b\u5ea6\u5f71\u97ff\ufe50\u4f46\u7531\u65bc\u7f8e\u570b\u53ca\u6b50\u6d32\u5e02\u57f8\u5c0d\u4e2d\uff64",
                        "\u9ad8\u6a94\u73e0\u5bf6\u9996\u98fe\u9700\u6c42\u4f9d\u7136\u6bb7\u5207\ufe50\u6b50\u7f8e\u5e02\u57f8\u4f54\u7e3d\u51fa\u53e3\u503c\u7d04\u4e03\u6210\ufe50\u5168\u5e74\u7e3d\u51fa\u53e3\u8f03\u4e5d\u4e03\u5e74\u4ecd",
                        "\u6709\u767e\u5206\u4e4b\u4e00\u7684\u8f15\u5fae\u4e0a\u5347\ufe50\u56e0\u6b64\u5c0d\u9999\u6e2f\u73e0\u5bf6\u51fa\u53e3\u8868\u73fe\u4ecd\u611f\u6a02\u89c0\u3002",
                        "",
                        "    \u9999\u6e2f\u73e0\u5bf6\u88fd\u9020\u696d\u5ee0\u5546\u6703\u4e3b\u5e2d\u6c88\u904b\u9f8d\u8b02\ufe50\u9999\u6e2f\u7684\u73e0\u5bf6\u51fa\u53e3\u5728\u7d93\u6fdf\u4f4e\u8ff7\u4e0b\u4ecd\u6709\u53ef\u70ba",
                        "\ufe50\u5168\u8cf4\u540c\u884c\u7684\u7a4d\u6975\u9032\u53d6\ufe50\u9664\u4e86\u6b50\u7f8e\u5e02\u57f8\u5916\ufe50\u9084\u4e0d\u65b7\u958b\u767c\u65b0\u8208\u5e02\u57f8\ufe50\u4f8b\u5982\u9ece\u5df4\u5ae9\uff64\u667a",
                        "\u5229\u53ca\u5167\u5730\u7b49\u5730\u3002\u53e6\u5916\ufe50\u5546\u6703\u53c8\u4e0d\u6642\u8209\u8fa6\u5c55\u89bd\u6703\ufe50\u6709\u52a9\u672c\u6e2f\u73e0\u5bf6\u696d\u767c\u5c55\u3002",
                        "",
                        "    \u53e6\u5916\ufe50\u6881\u9069\u83ef\u8868\u793a\u5167\u5730\u96a8\u8457\u7d93\u6fdf\u958b\u653e\ufe50\u4eba\u6c11\u6d88\u8cbb\u529b\u63d0\u9ad8\ufe50\u8cfc\u8cb7\u9996\u98fe\u7531\u904e\u5f80\u53ea\u8cb7",
                        "\u9ec3\u91d1\ufe50\u5230\u73fe\u5728\u5df2\u958b\u59cb\u61c2\u5f97\u8cfc\u8cb7\u73e0\u5bf6\u947d\u77f3\ufe50\u4e14\u6f38\u898b\u8b1b\u7a76\ufe50\u4ed6\u8b02\u5167\u5730\u5e02\u57f8\u767c\u5c55\u6f5b\u529b\u9817\u5927",
                        "\ufe50\u4ee5\u4e5d\u516b\u5e74\u5ea6\u70ba\u4f8b\ufe50\u5167\u5730\u4f54\u9999\u6e2f\u73e0\u5bf6\u5e02\u57f8\u7e3d\u51fa\u53e3\u7684\u7b2c\u5341\u4f4d\ufe50\u7e3d\u503c\u7d04\u4e00\u5104\u4e94\u5343\u591a\u842c\u5143",
                        "\u3002\u53ea\u662f\u5167\u5730\u5c0d\u73e0\u5bf6\u947d\u77f3\u7684\u7a05\u6536\u9817\u91cd\ufe50\u4ed6\u53c8\u8b02\u570b\u5bb6\u5c0d\u6b64\u4e5f\u76f8\u7576\u91cd\u8996\ufe50\u4f46\u4f55\u6642\u6703\u8abf\u4f4e\u7a05",
                        "\u6536\ufe50\u5247\u4ecd\u662f\u672a\u77e5\u4e4b\u6578\u3002",
                        "",
                        "    \u2018\u9999\u6e2f\u570b\u969b\u73e0\u5bf6\u5c55\u4e5d\u4e5d\u2019\u7531\u4e09\u6708\u5341\u4e94\u65e5\u81f3\u5341\u516b\u65e5\u65bc\u9999\u6e2f\u6703\u8b70\u5c55\u89bd\u4e2d\u5fc3\u8209\u884c\u3002\u6881",
                        "\u9069\u83ef\u8b02\u4eca\u5e74\u7684\u53c3\u5c55\u5546\u5206\u5225\u4f86\u81ea\u4e8c\u5341\u56db\u500b\u570b\u5bb6\u53ca\u5730\u5340\ufe50\u5171\u4e03\u767e\u516b\u5341\u516b\u5bb6\ufe50\u8f03\u53bb\u5e74\u4e0a\u5347",
                        "\u767e\u5206\u4e4b\u4e00\u9ede\u4e94\ufe50\u4ed6\u8a8d\u70ba\u53c3\u5c55\u6578\u76ee\u589e\u52a0\u662f\u597d\u73fe\u8c61\ufe50\u4f46\u4ecd\u6709\u8cf4\u8cb7\u5bb6\u7684\u8e34\u8e8d\u8868\u73fe\u3002",
                        "",
                        "    \u5c55\u89bd\u6703\u5167\u4e26\u8a2d\u591a\u500b\u5c55\u89bd\u9928\ufe50\u5305\u62ec\u2018\u570b\u969b\u5bf6\u77f3\u5354\u6703\u2019\u5c55\u9928\ufe50\u4ee5\u53ca\u4f86\u81ea\u6fb3\u6d32\uff64\u5fb7\u570b",
                        "\uff64\u610f\u5927\u5229\uff64\u4ee5\u8272\u5217\uff64\u65e5\u672c\uff64\u53f0\u7063\uff64\u6cf0\u570b\u53ca\u7f8e\u570b\u7b49\u53c3\u5c55\u5718\u3002",
                        "",
                        "    \u4eca\u5e74\u65b0\u589e\u7684\u5167\u5bb9\u5305\u62ec\u5728\u6703\u5c55\u4e2d\u5fc3\u4e94\u865f\u5c55\u9928\u7684\u2018\u660e\u73e0\u5bf6\u77f3\u4e16\u754c\u2019\ufe50\u4ee5\u53ca\u5728\u5c55\u89bd\u671f",
                        "\u9593\u8209\u884c\u7684\u56db\u57f8\u7814\u8a0e\u6703\ufe50\u70ba\u696d\u754c\u63d0\u4f9b\u6700\u65b0\u7684\u5e02\u57f8\u8cc7\u8a0a\u3002",
                        "",
                        "",
                        "",
                        "",
                        "\u672c\u6587\u7ae0\u7248\u6b0a\u5c6c\u65bc\u9999\u6e2f\u5546\u5831\u6240\u6709\uff0c\u4e26\u7d93\u7531\u6167\u79d1\u8a0a\u696d\u6709\u9650\u516c\u53f8\u767c\u653e\uff0c\u5982\u9700\u8f49\u767c\uff0c\u5fc5\u9808\u7372\u8a72\u5831\u540c\u610f\u3002\u7248\u6b0a\u6240\u6709\uff0c\u7ffb\u5370\u5fc5\u7a76\u3002"
                    ]
                }
            },
            {
                "_type": "HKCD",
                "highlight": {
                    "content": [
                        "\u3010\u5546\u5831\u8a0a\u3011<tag1>\u5bf6</tag1>\u5a01\u96c6\u5718\uff08\uff10\u4e8c\u56db\uff09\u76ee\u524d\u6b63\u8207\u4e00\u9593\u4fc4\u7f85\u65af\u516c\u53f8\u5546\u8a0e\ufe50\u5728\u6e2f\u5408\u7d44\u5408\u8cc7",
                        "    \u4eca\u5e74\u4e0a\u534a\u5e74<tag1>\u5bf6</tag1>\u5a01\u6613\u4e3b\u5f8c\ufe50\u4e00\u76f4\u96c6\u4e2d\u65bc\u767c\u5c55\u92fc\u9435\u696d\u52d9\ufe50\u5e76\u7372\u5f97\u5927\u80a1\u6771\u9673\u57ce\u592b\u5a66\u6ce8",
                        "\u516c\u53f8\u5408\u7d44\u7684\u96c6\u5718\ufe50\u5546\u8a0e\u65bc\u9999\u6e2f\u6210\u7acb\u5408\u8cc7\u516c\u53f8\ufe50\u4ee5\u4ee4\u5230<tag1>\u5bf6</tag1>\u5a01\u4e4b\u92fc\u6750\u539f\u6599\u8cb7\u8ce3\u7372\u5f97\u5177\u5e02",
                        "\u516c\u53f8\u6628\u65e5\u7a31\ufe50<tag1>\u5bf6</tag1>\u5a01\u6b63\u8207\u517c\u70ba\u6c5f\u8607\u7701\u99d0\u6e2f\u7a97\u53e3\u516c\u53f8\u7684\u937e\u5c71\u516c\u53f8\ufe50\u5728\u6c5f\u8607\u7701\u7269\u8272\u4e00\u4e9b\u9805",
                        "\u76ee\u4ee5\u6ce8\u5165<tag1>\u5bf6</tag1>\u5a01\u3002\u9673\u57ce\u8868\u793a\ufe50<tag1>\u5bf6</tag1>\u5a01\u4e0d\u6253\u7b97\u6536\u8cfc\u92fc\u9435\u9805\u76ee\ufe50\u53cd\u800c\u6703\u6311\u9078\u57fa\u5efa\u7b49\u5176\u4ed6\u985e\u578b"
                    ]
                },
                "_index": "trec",
                "_id": "HKCD-19981126-0021",
                "_score": 5.435444,
                "_source": {
                    "content": [
                        "\u3010\u5546\u5831\u8a0a\u3011\u5bf6\u5a01\u96c6\u5718\uff08\uff10\u4e8c\u56db\uff09\u76ee\u524d\u6b63\u8207\u4e00\u9593\u4fc4\u7f85\u65af\u516c\u53f8\u5546\u8a0e\ufe50\u5728\u6e2f\u5408\u7d44\u5408\u8cc7",
                        "\u4f01\u696d\ufe50\u8a72\u516c\u53f8\u4e3b\u5e2d\u9673\u57ce\u671f\u671b\u8a72\u5408\u8cc7\u4f01\u696d\u80fd\u5920\u65bc\u4eca\u5e74\u5e95\u524d\u6210\u7acb\ufe54\u8207\u6b64\u540c\u6642\ufe50\u8a72\u516c\u53f8\u4ea6",
                        "\u6b63\u900f\u904e\u7b2c\u4e8c\u5927\u80a1\u6771\u937e\u5c71\u6709\u9650\u516c\u53f8\ufe50\u5728\u6c5f\u8607\u7701\u7269\u8272\u53ca\u6311\u9078\u5177\u767c\u5c55\u6f5b\u529b\u4e4b\u6295\u8cc7\u9805\u76ee\u3002",
                        "",
                        "    \u4eca\u5e74\u4e0a\u534a\u5e74\u5bf6\u5a01\u6613\u4e3b\u5f8c\ufe50\u4e00\u76f4\u96c6\u4e2d\u65bc\u767c\u5c55\u92fc\u9435\u696d\u52d9\ufe50\u5e76\u7372\u5f97\u5927\u80a1\u6771\u9673\u57ce\u592b\u5a66\u6ce8",
                        "\u5165\u61c9\u9cf4\u91d1\u5c6c\u3002\u9673\u57ce\u900f\u9732\ufe50\u8a72\u516c\u53f8\u6b63\u8207\u4fc4\u7f85\u65af\u6700\u5927\u4e4b\u4e00\u7684\u80fd\u6e90\u539f\u6599\u4f9b\u61c9\u5546\u53ca\u9435\u8def\u904b\u8f38",
                        "\u516c\u53f8\u5408\u7d44\u7684\u96c6\u5718\ufe50\u5546\u8a0e\u65bc\u9999\u6e2f\u6210\u7acb\u5408\u8cc7\u516c\u53f8\ufe50\u4ee5\u4ee4\u5230\u5bf6\u5a01\u4e4b\u92fc\u6750\u539f\u6599\u8cb7\u8ce3\u7372\u5f97\u5177\u5e02",
                        "\u5834\u7af6\u722d\u529b\u4e4b\u9577\u671f\u7a69\u5b9a\u7684\u8ca8\u6e90\u3002",
                        "",
                        "    \u96d6\u7136\u7ba1\u7406\u5c64\u66fe\u7d93\u8868\u793a\u904e\ufe50\u66ab\u6642\u4e0d\u6703\u8003\u616e\u767c\u5c55\u4e00\u4e9b\u8207\u92fc\u9435\u672c\u8eab\u7121\u95dc\u4e4b\u696d\u52d9\ufe50\u4f46\u64da",
                        "\u516c\u53f8\u6628\u65e5\u7a31\ufe50\u5bf6\u5a01\u6b63\u8207\u517c\u70ba\u6c5f\u8607\u7701\u99d0\u6e2f\u7a97\u53e3\u516c\u53f8\u7684\u937e\u5c71\u516c\u53f8\ufe50\u5728\u6c5f\u8607\u7701\u7269\u8272\u4e00\u4e9b\u9805",
                        "\u76ee\u4ee5\u6ce8\u5165\u5bf6\u5a01\u3002\u9673\u57ce\u8868\u793a\ufe50\u5bf6\u5a01\u4e0d\u6253\u7b97\u6536\u8cfc\u92fc\u9435\u9805\u76ee\ufe50\u53cd\u800c\u6703\u6311\u9078\u57fa\u5efa\u7b49\u5176\u4ed6\u985e\u578b",
                        "\u7684\u696d\u52d9\u3002",
                        "",
                        "    \u4ed6\u5426\u8a8d\u92fc\u9435\u5e02\u9053\u4e0d\u666f\u5c0d\u8a72\u516c\u53f8\u69cb\u6210\u6253\u64ca\ufe50\u4e26\u4e14\u9810\u671f\u61c9\u9cf4\u53ef\u4ee5\u5b8c\u6210\u5c0d\u5bf6\u5a01\u63d0\u4f9b\u4e4b",
                        "\u76c8\u5229\u4fdd\u8b49\u3002\u63db\u8a00\u4e4b\ufe50\u4eca\u5e74\u4f86\u81ea\u61c9\u9cf4\u7684\u7a05\u5f8c\u76c8\u5229\u5c07\u4e0d\u5c11\u65bc\u4e8c\u5343\u516d\u767e\u842c\u5143\u3002",
                        "",
                        "    \u53e6\u5916\ufe50\u5bf6\u5a01\u8207\u6771\u65b9\u7d05\u5730\u7522\uff08\uff12\uff18\uff16\uff09\uff08\u73fe\u7a31\u91d1\u5321\uff09\u65bc\u672c\u6708\u5c31\u65fa\u89d2\u897f\u6d0b\u83dc\u8857\u7269\u696d",
                        "\u8a34\u8a1f\u9054\u6210\u5ead\u5916\u548c\u89e3\u5354\u8b70\ufe50\u64da\u6b64\u5bf6\u5a01\u6709\u6b0a\u7372\u53d6\u5171\u56db\u5343\u96f6\u516b\u5341\u842c\u5143\u7684\u6309\u91d1\u53ca\u90e8\u5206\u4ed8\u6b3e\ufe50",
                        "\u4e26\u65bc\u5e74\u5167\u5165\u5e33\u3002\u9673\u57ce\u7a31\ufe50\u73fe\u6642\u8a72\u7269\u696d\u7684\u79df\u91d1\u56de\u5831\u7387\u7d04\u516b\u5398\ufe50\u76f8\u7576\u4e0d\u4fd7\ufe50\u6545\u8a72\u516c\u53f8\u66ab",
                        "\u6642\u672a\u6709\u8a08\u5283\u518d\u6b21\u51fa\u552e\u8a72\u7269\u696d\u3002",
                        "",
                        "    \u5bf6\u5a01\u80a1\u6771\u5468\u5e74\u5927\u6703\u901a\u904e\u6d3e\u767c\u672b\u671f\u80a1\u606f\u6bcf\u80a1\u56db\u4ed9\ufe50\u800c\u516c\u53f8\u622a\u81f3\u4e5d\u516b\u5e74\u516d\u6708\u5e95\u6b62\u76c8",
                        "\u5229\u53ea\u6709\u4e00\u5343\u591a\u842c\u5143\ufe50\u606f\u7387\u76f8\u7576\u4e4b\u9ad8\u3002\u9673\u57ce\u5c0d\u6b64\u89e3\u91cb\ufe50\u5bf6\u5a01\u904e\u5f80\u516d\u5e74\u7684\u6d3e\u606f\u7387\u5747\u7dad\u6301",
                        "\u5728\u516b\u5398\ufe50\u6545\u65b0\u7ba1\u7406\u5c64\u6b64\u8209\u7d14\u7cb9\u5c07\u539f\u6709\u7b56\u7565\u5ef6\u7e8c\u3002",
                        "",
                        "    ",
                        "",
                        "",
                        "",
                        "\u672c\u6587\u7ae0\u7248\u6b0a\u5c6c\u65bc\u9999\u6e2f\u5546\u5831\u6240\u6709\uff0c\u4e26\u7d93\u7531\u6167\u79d1\u8a0a\u696d\u6709\u9650\u516c\u53f8\u767c\u653e\uff0c\u5982\u9700\u8f49\u767c\uff0c\u5fc5\u9808\u7372\u8a72\u5831\u540c\u610f\u3002\u7248\u6b0a\u6240\u6709\uff0c\u7ffb\u5370\u5fc5\u7a76\u3002"
                    ]
                }
            },
            {
                "_type": "HKCD",
                "highlight": {
                    "content": [
                        "\u4e2d\u5916\u5408\u8cc7\u5ee3\u5dde<tag1>\u5bf6</tag1>\u6f54\u6709\u9650\u516c\u53f8\ufe50\u5c07\u9010\u6b65\u904e\u6e21\u70ba\u5916\u5546\u7368\u8cc7\u4f01\u696d\u3002\u5ee3\u5dde\u5e02\u653f\u5e9c\u76ee\u524d\u5df2\u539f\u5247",
                        "    \u64da\u6089\ufe50\u5ee3\u5dde<tag1>\u5bf6</tag1>\u6f54\u516c\u53f8\u919e\u91c0\u7368\u8cc7\u59cb\u65bc\u53bb\u5e74\u3002\u7576\u6642\u5ee3\u5dde<tag1>\u5bf6</tag1>\u6f54\u6709\u9650\u516c\u53f8\u8a08\u5283\u65b0\u4e0a\u5b30\u5152",
                        "    \u64da\u900f\u9732\ufe50\u5916\u7d93\u8cbf\u90e8\u5df2\u6b63\u5f0f\u6279\u51c6\u5ee3\u5dde<tag1>\u5bf6</tag1>\u6f54\u6295\u8cc7\u4e09\u5343\u842c\u5143\u751f\u7522\u5b30\u5152\u7d19\u5c3f\u7247\u7684\u9805\u76ee\u3002",
                        "    \u6210\u7acb\u65bc\u4e00\u4e5d\u516b\u516b\u5e74\u7684\u4e2d\u5916\u5408\u8cc7\u5ee3\u5dde<tag1>\u5bf6</tag1>\u6f54\u6709\u9650\u516c\u53f8\ufe50\u5408\u8cc7\u4e2d\u65b9\u70ba\u5ee3\u5dde\u80a5\u7682\u5ee0\u548c\u5ee3"
                    ]
                },
                "_index": "trec",
                "_id": "HKCD-19990613-0003",
                "_score": 5.10972,
                "_source": {
                    "content": [
                        "\u3010\u5546\u5831\u5ee3\u5dde\u5c08\u8a0a\u3011\u5ee3\u5dde\u5e02\u5de5\u696d\u4f01\u696d\u6700\u5927\u7684\u5229\u7a05\u6236\u2500\u2500\u2500",
                        "\u4e2d\u5916\u5408\u8cc7\u5ee3\u5dde\u5bf6\u6f54\u6709\u9650\u516c\u53f8\ufe50\u5c07\u9010\u6b65\u904e\u6e21\u70ba\u5916\u5546\u7368\u8cc7\u4f01\u696d\u3002\u5ee3\u5dde\u5e02\u653f\u5e9c\u76ee\u524d\u5df2\u539f\u5247",
                        "\u540c\u610f\u8f49\u8b93\u8a72\u516c\u53f8\u7684\u5168\u90e8\u4e2d\u65b9\u80a1\u4efd\u3002\u64da\u6089\ufe50\u95dc\u65bc\u80a1\u4efd\u8f49\u8b93\u7684\u8ac7\u5224\u6709\u671b\u65bc\u4e00\u500b\u6708\u5167\u5b8c\u6210",
                        "\u3002",
                        "",
                        "    \u64da\u6089\ufe50\u5ee3\u5dde\u5bf6\u6f54\u516c\u53f8\u919e\u91c0\u7368\u8cc7\u59cb\u65bc\u53bb\u5e74\u3002\u7576\u6642\u5ee3\u5dde\u5bf6\u6f54\u6709\u9650\u516c\u53f8\u8a08\u5283\u65b0\u4e0a\u5b30\u5152",
                        "\u7d19\u5c3f\u7247\u9805\u76ee\ufe50\u4e26\u5df2\u958b\u59cb\u8003\u616e\u8abf\u6574\u4f01\u696d\u6295\u8cc7\u7d44\u5408\u3002",
                        "",
                        "    \u64da\u900f\u9732\ufe50\u5916\u7d93\u8cbf\u90e8\u5df2\u6b63\u5f0f\u6279\u51c6\u5ee3\u5dde\u5bf6\u6f54\u6295\u8cc7\u4e09\u5343\u842c\u5143\u751f\u7522\u5b30\u5152\u7d19\u5c3f\u7247\u7684\u9805\u76ee\u3002",
                        "\u800c\u5ee3\u5dde\u5e02\u653f\u5e9c\u5df2\u539f\u5247\u540c\u610f\u5c07\u4e2d\u65b9\u767e\u5206\u4e4b\u516d\u7684\u80a1\u4efd\u5168\u90e8\u8f49\u8b93\u7d66\u5916\u65b9\ufe50\u5177\u9ad4\u8f49\u8b93\u50f9\u683c\u5c1a",
                        "\u5f85\u9032\u4e00\u6b65\u5354\u5546\u3002",
                        "",
                        "    \u6210\u7acb\u65bc\u4e00\u4e5d\u516b\u516b\u5e74\u7684\u4e2d\u5916\u5408\u8cc7\u5ee3\u5dde\u5bf6\u6f54\u6709\u9650\u516c\u53f8\ufe50\u5408\u8cc7\u4e2d\u65b9\u70ba\u5ee3\u5dde\u80a5\u7682\u5ee0\u548c\u5ee3",
                        "\u5dde\u7d93\u6fdf\u6280\u8853\u958b\u767c\u5340\u5efa\u8a2d\u9032\u51fa\u53e3\u8cbf\u6613\u516c\u53f8\ufe50\u5916\u65b9\u70ba\uff30\ufe60\uff27\u516c\u53f8\u53ca\u9999\u6e2f\u548c\u8a18\u9ec3\u57d4\uff08\u4e2d\u570b",
                        "\uff09\u6709\u9650\u516c\u53f8\u3002\u6295\u8cc7\u7d50\u69cb\u662f\u5916\u65b9\u4f54\u767e\u5206\u4e4b\u4e5d\u5341\u56db\ufe50\u4e2d\u65b9\u4f54\u767e\u5206\u4e4b\u516d\u3002\u5408\u8cc7\u516c\u53f8\u5728\u6210\u7acb",
                        "\u5f8c\u767c\u5c55\u8fc5\u901f\ufe50\u4e00\u4e5d\u4e5d\u516b\u5e74\u5229\u7a05\u7e3d\u984d\u8d85\u904e\u4e09\u5341\u5104\u5143\u4eba\u6c11\u5e63\ufe50\u5c45\u5ee3\u5dde\u5e02\u5de5\u696d\u4f01\u696d\u9996\u4f4d\ufe50",
                        "\u4e00\u4e5d\u4e5d\u4e09\u5e74\u8d77\u9023\u7e8c\u516d\u5e74\u6210\u70ba\u5168\u570b\u8f15\u5de5\u884c\u696d\u5411\u570b\u5bb6\u4e0a\u7e73\u7a05\u984d\u6700\u591a\u7684\u4f01\u696d\u3002",
                        "",
                        "",
                        "",
                        "\u672c\u6587\u7ae0\u7248\u6b0a\u5c6c\u65bc\u9999\u6e2f\u5546\u5831\u6240\u6709\uff0c\u4e26\u7d93\u7531\u6167\u79d1\u8a0a\u696d\u6709\u9650\u516c\u53f8\u767c\u653e\uff0c\u5982\u9700\u8f49\u767c\uff0c\u5fc5\u9808\u7372\u8a72\u5831\u540c\u610f\u3002\u7248\u6b0a\u6240\u6709\uff0c\u7ffb\u5370\u5fc5\u7a76\u3002"
                    ]
                }
            },
            {
                "_type": "HKCD",
                "highlight": {
                    "content": [
                        "\u3010\u5546\u5831\u8a0a\u3011\u7531\u65bc\u65e9\u524d<tag1>\u5bf6</tag1>\u7fe0\u5712\u92b7\u552e\u9304\u5f97\u7406\u60f3\u6210\u7e3e\ufe50\u4e0d\u5c11\u8cfc",
                        "\u65bc<tag1>\u5bf6</tag1>\u7fe0\u5712\u92b7\u552e\u6210\u7e3e\u7406\u60f3\ufe50\u589e\u52a0\u8cb7\u5bb6\u5165\u5e02\u4fe1\u5fc3\u3002",
                        "    \u5229\u5609\u95a3\u5730\u7522\u4e2d\u897f\u534a\u5c71\u5340\u9ad8\u7d1a\u7d93\u7406\u5f35\u60e0\u5afb\u8868\u793a\ufe50\u7531\u65bc<tag1>\u5bf6</tag1>\u7fe0\u5712\u6548\u61c9\ufe50\u91cb\u653e\u4e0d\u5c11\u8cfc\u8cb7",
                        "\u529b\u56de\u6d41\u4e8c\u624b\u5e02\u5834\ufe50\u7279\u5225\u662f\u9130\u8fd1<tag1>\u5bf6</tag1>\u7fe0\u5712\u4e00\u5e36\u7684\u7269\u696d\u5982\u5b78\u58eb\u81fa\u53ca\u7ff0\u6797\u8ed2\u7b49\u6700\u70ba\u53d7\u60e0\u3002",
                        "\u5df2\u7d93\u9304\u5f97\u7d04\u5341\u5b97\u6210\u4ea4\ufe50\u53ef\u898b<tag1>\u5bf6</tag1>\u7fe0\u5712\u6548\u61c9\u5c0d\u500b\u5225\u5c4b\u82d1\u53d7\u60e0\u7a0b\u5ea6\u4e0d\u540c\u3002"
                    ]
                },
                "_index": "trec",
                "_id": "HKCD-19990618-0021",
                "_score": 5.0801444,
                "_source": {
                    "content": [
                        "\u3010\u5546\u5831\u8a0a\u3011\u7531\u65bc\u65e9\u524d\u5bf6\u7fe0\u5712\u92b7\u552e\u9304\u5f97\u7406\u60f3\u6210\u7e3e\ufe50\u4e0d\u5c11\u8cfc",
                        "\u8cb7\u529b\u9678\u7e8c\u6d41\u5165\u4e8c\u624b\u5e02\u5834\ufe50\u6700\u8fd1\u5b78\u58eb\u81fa\u518d\u6b21\u9304\u5f97\u7406\u60f3\u6210\u4ea4\ufe50\u5e73\u5747\u544e\u50f9\u4e94\u5343\u4e00\u767e\u5143\u3002",
                        "",
                        "    \u8a72\u5b97\u65b0\u8fd1\u6210\u4ea4\u4f4d\u65bc\u5b78\u58eb\u81fa\u4e09\u5ea7\u9ad8\u5c64\u5411\u6d77\u55ae\u4f4d\ufe50\u9762\u7a4d\u516d\u767e\u4e8c\u5341\u544e\ufe50\u4ee5\u4e09\u767e\u4e00\u5341\u516b",
                        "\u842c\u6210\u4ea4\ufe50\u5e73\u5747\u544e\u50f9\u4e94\u5343\u4e00\u767e\u9918\u5143\ufe50\u8207\u540c\u985e\u55ae\u4f4d\u9020\u50f9\u76f8\u82e5\ufe54\u8a72\u8cb7\u5bb6\u662f\u540c\u5340\u63db\u6a13\u5ba2\ufe50\u7531",
                        "\u65bc\u5bf6\u7fe0\u5712\u92b7\u552e\u6210\u7e3e\u7406\u60f3\ufe50\u589e\u52a0\u8cb7\u5bb6\u5165\u5e02\u4fe1\u5fc3\u3002",
                        "",
                        "    \u800c\u8a72\u696d\u4e3b\u65e9\u524d\u4ee5\u7d04\u4e09\u767e\u56db\u5341\u842c\u5143\u8cb7\u5165\ufe50\u6240\u4ee5\u5e33\u9762\u8755\u8b93\u7d04\u4e8c\u5341\u842c\u5143\u3002",
                        "",
                        "    \u5229\u5609\u95a3\u5730\u7522\u4e2d\u897f\u534a\u5c71\u5340\u9ad8\u7d1a\u7d93\u7406\u5f35\u60e0\u5afb\u8868\u793a\ufe50\u7531\u65bc\u5bf6\u7fe0\u5712\u6548\u61c9\ufe50\u91cb\u653e\u4e0d\u5c11\u8cfc\u8cb7",
                        "\u529b\u56de\u6d41\u4e8c\u624b\u5e02\u5834\ufe50\u7279\u5225\u662f\u9130\u8fd1\u5bf6\u7fe0\u5712\u4e00\u5e36\u7684\u7269\u696d\u5982\u5b78\u58eb\u81fa\u53ca\u7ff0\u6797\u8ed2\u7b49\u6700\u70ba\u53d7\u60e0\u3002",
                        "",
                        "    \u6b64\u5916\ufe50\u7531\u65bc\u516d\u6708\u81f3\u4eca\u6574\u500b\u897f\u534a\u5c71\u53ea\u9304\u5f97\u7d04\u4e09\u5341\u9918\u5b97\u6210\u4ea4\ufe50\u800c\u55ae\u55ae\u4ee5\u4e0a\u5169\u500b\u5c4b\u82d1",
                        "\u5df2\u7d93\u9304\u5f97\u7d04\u5341\u5b97\u6210\u4ea4\ufe50\u53ef\u898b\u5bf6\u7fe0\u5712\u6548\u61c9\u5c0d\u500b\u5225\u5c4b\u82d1\u53d7\u60e0\u7a0b\u5ea6\u4e0d\u540c\u3002",
                        "",
                        "    \u6839\u64da\u8cc7\u6599\u986f\u793a\ufe50\u516d\u6708\u81f3\u4eca\ufe50\u5b78\u58eb\u81fa\u5171\u9304\u5f97\u4e94\u5b97\u6210\u4ea4\ufe50\u5e73\u5747\u544e\u50f9\u56db\u5343\u516b\u767e\u5143\ufe50\u800c",
                        "\u6d77\u666f\u55ae\u4f4d\u5247\u70ba\u6bcf\u65b9\u544e\u4e94\u5343\u4e00\u767e\u5143\u81f3\u4e94\u5343\u4e09\u767e\u5143\u3002",
                        "",
                        "",
                        "",
                        "",
                        "\u672c\u6587\u7ae0\u7248\u6b0a\u5c6c\u65bc\u9999\u6e2f\u5546\u5831\u6240\u6709\uff0c\u4e26\u7d93\u7531\u6167\u79d1\u8a0a\u696d\u6709\u9650\u516c\u53f8\u767c\u653e\uff0c\u5982\u9700\u8f49\u767c\uff0c\u5fc5\u9808\u7372\u8a72\u5831\u540c\u610f\u3002\u7248\u6b0a\u6240\u6709\uff0c\u7ffb\u5370\u5fc5\u7a76\u3002"
                    ]
                }
            },
            {
                "_type": "HKCD",
                "highlight": {
                    "content": [
                        "    \uff2c\uff23\uff2c\u64c1\u6709\u9999\u6e2f\u4e0a\u5e02\u516c\u53f8\u529b<tag1>\u5bf6</tag1>\uff08\u4e8c\u4e8c\u516d\uff09\u4e8c\u5104\u4e00\u5343\u516b\u767e\u4e94\u5341\u842c\u6bcf\u80a1\u9762\u503c\u4e00\u6e2f\u5143",
                        "\u7684\u80a1\u4efd\ufe50\u4f54\u529b<tag1>\u5bf6</tag1>\u73fe\u6709\u5df2\u767c\u884c\u80a1\u672c\u7d04\u767e\u5206\u4e4b\u56db\u5341\u4e5d\u9ede\u516b\u4e94\u3002\u65b0\u9d3b\u57fa\u5728\u6536\u8cfc\u524d\u5df2\u900f\u904e\u4e00",
                        "\u5bb6\u9644\u5c6c\u516c\u53f8\u64c1\u6709\u516d\u767e\u842c\u80a1\u529b<tag1>\u5bf6</tag1>\u80a1\u4efd\ufe50\u4f54\u8a72\u516c\u53f8\u5df2\u767c\u884c\u80a1\u672c\u7d04\u767e\u5206\u4e4b\u4e00\u9ede\u4e09\u4e03\u3002",
                        "    \u65b0\u9d3b\u57fa\u57f7\u884c\u4e3b\u5e2d\u72c4\u4e9e\u6cd5\u8868\u793a\ufe50\u529b<tag1>\u5bf6</tag1>\u96c6\u5718\u7684\u4e3b\u8981\u696d\u52d9\u8207\u65b0\u9d3b\u57fa\u6536\u76f8\u8f14\u76f8\u6210\u4e4b\u6548\u3002"
                    ]
                },
                "_index": "trec",
                "_id": "HKCD-19981107-0005",
                "_score": 4.8847036,
                "_source": {
                    "content": [
                        "\u3010\u5546\u5831\u8a0a\u3011\u65b0\u9d3b\u57fa\u6709\u9650\u516c\u53f8\uff08\uff10\u516b\u516d\uff09\u6628\u5ba3\u5e03\ufe50\u8a72\u516c\u53f8\u5168\u8cc7\u9644\u5c6c\u516c\u53f8\uff35\uff50\uff53\uff54",
                        "\uff41\uff4e\uff44\uff21\uff53\uff53\uff45\uff54\uff53\uff2c\uff49\uff4d\uff49\uff54\uff45\uff44\u5df2\u6536\u8cfc\uff2c\uff49\uff50\uff50\uff4f\uff23\uff41\uff50\uff49\uff54\uff41\uff4c\uff2c\uff49\uff4d\uff49\uff54",
                        "\uff45\uff44\u56db\u6210\u4e5d\u6b0a\u76ca\ufe50\u4f5c\u50f9\u70ba\u4e94\u5104\u5143\u3002",
                        "",
                        "    \uff2c\uff23\uff2c\u64c1\u6709\u9999\u6e2f\u4e0a\u5e02\u516c\u53f8\u529b\u5bf6\uff08\u4e8c\u4e8c\u516d\uff09\u4e8c\u5104\u4e00\u5343\u516b\u767e\u4e94\u5341\u842c\u6bcf\u80a1\u9762\u503c\u4e00\u6e2f\u5143",
                        "\u7684\u80a1\u4efd\ufe50\u4f54\u529b\u5bf6\u73fe\u6709\u5df2\u767c\u884c\u80a1\u672c\u7d04\u767e\u5206\u4e4b\u56db\u5341\u4e5d\u9ede\u516b\u4e94\u3002\u65b0\u9d3b\u57fa\u5728\u6536\u8cfc\u524d\u5df2\u900f\u904e\u4e00",
                        "\u5bb6\u9644\u5c6c\u516c\u53f8\u64c1\u6709\u516d\u767e\u842c\u80a1\u529b\u5bf6\u80a1\u4efd\ufe50\u4f54\u8a72\u516c\u53f8\u5df2\u767c\u884c\u80a1\u672c\u7d04\u767e\u5206\u4e4b\u4e00\u9ede\u4e09\u4e03\u3002",
                        "",
                        "    \u662f\u6b21\u6536\u8cfc\u4e00\u5bb6\u8207\u65b0\u9d3b\u57fa\u7d93\u71df\u76f8\u8fd1\u696d\u52d9\u7684\u8ca1\u7d93\u96c6\u5718\ufe50\u5c6c\u65b0\u9d3b\u57fa\u7684\u7b56\u7565\u6027\u9577\u7dda\u6295\u8cc7",
                        "\u3002\u65b0\u9d3b\u57fa\u53ca\u5176\u9644\u5c6c\u516c\u53f8\u7684\u4e3b\u8981\u696d\u52d9\u70ba\u8b49\u5238\uff64\u5916\u532f\uff64\u9ec3\u91d1\uff64\u5546\u54c1\u53ca\u671f\u8ca8\u7d93\u7d00\uff64\u4f01\u696d\u878d",
                        "\u8cc7\uff64\u57fa\u91d1\u7ba1\u7406\uff64\u8b49\u5238\u653e\u6b3e\uff64\u7269\u696d\u6295\u8cc7\u53ca\u4fdd\u96aa\u9867\u554f\u7b49\u3002",
                        "",
                        "    \u53e6\u6301\u6709\u806f\u71df\u516c\u53f8\u5929\u5b89\u4e2d\u570b\u6295\u8cc7\uff08\uff10\u4e8c\u516b\uff09\u80a1\u4efd\ufe50\u4ea6\u70ba\u7b56\u7565\u6027\u9577\u7dda\u6295\u8cc7\u3002\u800c\uff2c\uff23",
                        "\uff2c\u96c6\u5718\u7684\u4e3b\u8981\u696d\u52d9\ufe50\u4ea6\u5305\u62ec\u76f8\u8fd1\u7684\u91d1\u878d\u670d\u52d9\u53ca\u7269\u696d\u6295\u8cc7\u3002",
                        "",
                        "    \u65b0\u9d3b\u57fa\u57f7\u884c\u4e3b\u5e2d\u72c4\u4e9e\u6cd5\u8868\u793a\ufe50\u529b\u5bf6\u96c6\u5718\u7684\u4e3b\u8981\u696d\u52d9\u8207\u65b0\u9d3b\u57fa\u6536\u76f8\u8f14\u76f8\u6210\u4e4b\u6548\u3002",
                        "\u96c6\u5718\u671f\u671b\u53ef\u5145\u5206\u5229\u7528\u662f\u6b21\u6536\u8cfc\u767c\u5c55\u696d\u52d9\u6a5f\u6703\ufe50\u70ba\u80a1\u6771\u5275\u9020\u66f4\u5927\u56de\u5831\u3002",
                        "",
                        "    \u7c3d\u7f72\u5354\u8b70\u5f8c\ufe50\u6709\u95dc\u80a1\u4efd\u7684\u6536\u8cfc\u96a8\u5373\u5b8c\u6210\u3002",
                        "",
                        "    \u7e3d\u4ee3\u50f9\u56db\u5104\u4e09\u5343\u842c\u5143\u65bc\u5b8c\u6210\u6536\u8cfc\u6642\u652f\u4ed8\ufe50\u9918\u6b3e\u4e03\u5343\u842c\u5143\u65bc\u5b8c\u6210\u6536\u8cfc\u5f8c\u4e09\u500b\u6708\u5167",
                        "\u652f\u4ed8\u3002\u6536\u8cfc\u6240\u9700\u8cc7\u91d1\u4f86\u81ea\u5167\u90e8\u8cc7\u91d1\u53ca\u96c6\u5718\u6240\u4f5c\u7684\u9280\u884c\u8cb8\u6b3e\u3002",
                        "",
                        "",
                        "",
                        "\u672c\u6587\u7ae0\u7248\u6b0a\u5c6c\u65bc\u9999\u6e2f\u5546\u5831\u6240\u6709\uff0c\u4e26\u7d93\u7531\u6167\u79d1\u8a0a\u696d\u6709\u9650\u516c\u53f8\u767c\u653e\uff0c\u5982\u9700\u8f49\u767c\uff0c\u5fc5\u9808\u7372\u8a72\u5831\u540c\u610f\u3002\u7248\u6b0a\u6240\u6709\uff0c\u7ffb\u5370\u5fc5\u7a76\u3002"
                    ]
                }
            },
            {
                "_type": "HKCD",
                "highlight": {
                    "content": [
                        "\u3010\u5546\u5831\u8a0a\u3011\u5c07\u65bc\u5e74\u5e95\u624d\u5165\u4f19\u7684\u5c07\u8ecd\u6fb3\u65b0<tag1>\u5bf6</tag1>\u57ce\ufe50\u8fd1\u65e5\u5728",
                        "\u4fc3\u6210\u65b0<tag1>\u5bf6</tag1>\u57ce\u4e00\u5ea7\u4f4e\u5c64\uff27\u5ba4\u55ae\u4f4d\ufe50\u9762\u7a4d\u4e94\u767e\u4e8c\u5341\u4e03\u5e73\u65b9\u544e\ufe50\u6210\u4ea4\u50f9\u4e8c\u767e\u96f6\u4e03\u842c\ufe50\u5e73\u5747",
                        "    \u95dc\u6c0f\u8868\u793a\ufe50\u65b0<tag1>\u5bf6</tag1>\u57ce\u539f\u5b9a\u7684\u5165\u4f19\u6642\u9593\u70ba\u4eca\u5e74\u5341\u4e00\u6708\u5de6\u53f3\ufe50\u4e0d\u904e\u5f9e\u73fe\u6642\u7684\u5efa\u7bc9\u9032\u5ea6",
                        "\ufe54\u800c\u73fe\u6642\u65b0<tag1>\u5bf6</tag1>\u57ce\u7d04\u6709\u4e94\u5341\u500b\u653e\u76e4\ufe50\u53eb\u50f9\u5e73\u5747\u7d04\u70ba\u6bcf\u65b9\u544e\u56db\u5343\u4e8c\u767e\u81f3\u56db\u5343\u4e09\u767e\u5143\ufe50\u8f03",
                        "\u7531\u65bc\u65b0<tag1>\u5bf6</tag1>\u57ce\u53ca\u53e6\u4e00\u500b\u65b0\u76e4\u5357\u8c50\u5ee3\u5834\u5747\u5728\u4eca\u5e74\u7b2c\u4e09\u6216\u7b2c\u56db\u5b63\u5165\u4f19\ufe50\u6545\u6b64\u6bcf\u6708\u4ea6\u4fdd\u6301\u4e00"
                    ]
                },
                "_index": "trec",
                "_id": "HKCD-19990430-0023",
                "_score": 4.865687,
                "_source": {
                    "content": [
                        "\u3010\u5546\u5831\u8a0a\u3011\u5c07\u65bc\u5e74\u5e95\u624d\u5165\u4f19\u7684\u5c07\u8ecd\u6fb3\u65b0\u5bf6\u57ce\ufe50\u8fd1\u65e5\u5728",
                        "\u6a13\u5e02\u6c23\u6c1b\u8f49\u597d\u4e0b\ufe50\u9304\u5f97\u4e00\u5b97\u4e8c\u624b\u6a13\u82b1\u8f49\u8b93\u3002\u9d3b\u904b\u5730\u7522\u5c07\u8ecd\u6fb3\u5206\u884c\u7d93\u7406\u95dc\u707c\u5143\u900f\u9732\ufe50",
                        "\u4fc3\u6210\u65b0\u5bf6\u57ce\u4e00\u5ea7\u4f4e\u5c64\uff27\u5ba4\u55ae\u4f4d\ufe50\u9762\u7a4d\u4e94\u767e\u4e8c\u5341\u4e03\u5e73\u65b9\u544e\ufe50\u6210\u4ea4\u50f9\u4e8c\u767e\u96f6\u4e03\u842c\ufe50\u5e73\u5747",
                        "\u6bcf\u65b9\u544e\u50f9\u4e09\u5343\u4e5d\u767e\u4e8c\u5341\u4e03\u5143\u3002\u4ed6\u6307\u51fa\ufe50\u55ae\u4f4d\u96d6\u7136\u4f4d\u65bc\u4f4e\u5c64\ufe50\u4f46\u5750\u64c1\u6771\u5357\u6cf3\u6c60\u666f\ufe50\u5c6c",
                        "\u65bc\u512a\u8cea\u55ae\u4f4d\ufe50\u6545\u6b64\u9020\u50f9\u4ea6\u76f8\u7576\u7406\u60f3\u3002",
                        "",
                        "    \u95dc\u6c0f\u8868\u793a\ufe50\u65b0\u5bf6\u57ce\u539f\u5b9a\u7684\u5165\u4f19\u6642\u9593\u70ba\u4eca\u5e74\u5341\u4e00\u6708\u5de6\u53f3\ufe50\u4e0d\u904e\u5f9e\u73fe\u6642\u7684\u5efa\u7bc9\u9032\u5ea6",
                        "\u770b\u4f86\ufe50\u7269\u696d\u5916\u7246\u5df2\u62c6\u9664\u68da\u67b6\ufe50\u76f8\u4fe1\u5df2\u9032\u5165\u5167\u90e8\u88dd\u4fee\u968e\u6bb5\ufe50\u7269\u696d\u6975\u6709\u53ef\u80fd\u6703\u63d0\u65e9\u5165\u4f19",
                        "\ufe54\u800c\u73fe\u6642\u65b0\u5bf6\u57ce\u7d04\u6709\u4e94\u5341\u500b\u653e\u76e4\ufe50\u53eb\u50f9\u5e73\u5747\u7d04\u70ba\u6bcf\u65b9\u544e\u56db\u5343\u4e8c\u767e\u81f3\u56db\u5343\u4e09\u767e\u5143\ufe50\u8f03",
                        "\u8cb7\u5165\u50f9\u5e73\u5747\u9ad8\u4e00\u6210\u534a\u5de6\u53f3\ufe50\u500b\u5225\u653e\u76e4\u4ea6\u6709\u4f4e\u65bc\u56db\u5343\u5143\u544e\u50f9\ufe50\u800c\u653e\u76e4\u55ae\u4f4d\u4e2d\u5927\u90e8\u5206\u5747",
                        "\u70ba\u4e94\u767e\u9918\u544e\u53ca\u516d\u767e\u9918\u544e\u7684\u4e2d\u5c0f\u578b\u55ae\u4f4d\u3002",
                        "",
                        "    \u4ed6\u89e3\u91cb\ufe50\u7531\u65bc\u76ee\u524d\u767c\u5c55\u5546\u4ecd\u6709\u4e00\u5b9a\u6578\u91cf\u7684\u5927\u578b\u55ae\u4f4d\u8ca8\u5c3e\u767c\u552e\ufe50\u6545\u6b64\u6a13\u76e4\u7e31\u4f7f\u6709",
                        "\u5927\u55ae\u4f4d\u653e\u552e\ufe50\u5e02\u5834\u53cd\u61c9\u4ea6\u6703\u8f03\u5dee\u3002",
                        "",
                        "    \u7531\u65bc\u73fe\u6642\u5c07\u8ecd\u6fb3\u7684\u65b0\u76e4\u4f9b\u61c9\u4ecd\u7136\u5145\u8db3\ufe50\u6545\u6b64\u4e8c\u624b\u6a13\u82b1\u8f49\u8b93\u7684\u500b\u6848\u4e26\u4e0d\u591a\ufe50\u4e0d\u904e",
                        "\u7531\u65bc\u65b0\u5bf6\u57ce\u53ca\u53e6\u4e00\u500b\u65b0\u76e4\u5357\u8c50\u5ee3\u5834\u5747\u5728\u4eca\u5e74\u7b2c\u4e09\u6216\u7b2c\u56db\u5b63\u5165\u4f19\ufe50\u6545\u6b64\u6bcf\u6708\u4ea6\u4fdd\u6301\u4e00",
                        "\u5b9a\u7684\u554f\u76e4\u91cf\ufe50\u4f46\u6210\u4ea4\u76f8\u4fe1\u6703\u81e8\u8fd1\u7269\u696d\u5165\u4f19\u4e4b\u5f8c\u624d\u6703\u8f49\u8da8\u6d3b\u8e8d\u3002\u73fe\u6642\u5c07\u8ecd\u6fb3\u5340\u7684\u4e8c\u624b",
                        "\u4ea4\u6295\u4ee5\u525b\u5165\u4f19\u7684\u6d77\u6085\u8c6a\u5712\u60c5\u6cc1\u8f03\u4f73\ufe50\u6b64\u76e4\u73fe\u6642\u53eb\u50f9\u7531\u6bcf\u65b9\u544e\u56db\u5343\u4e8c\u767e\u81f3\u56db\u5343\u4e94\u767e\u5143",
                        "\ufe50\u4f46\u9020\u50f9\u5247\u7dad\u6301\u5728\u6bcf\u65b9\u544e\u56db\u5343\u5143\u6c34\u5e73\ufe50\u4eca\u500b\u6708\u5230\u73fe\u6642\u70ba\u6b62\u5df2\u9304\u5f97\u6709\u903e\u5341\u5b97\u6210\u4ea4\u3002",
                        "",
                        "",
                        "",
                        "\u672c\u6587\u7ae0\u7248\u6b0a\u5c6c\u65bc\u9999\u6e2f\u5546\u5831\u6240\u6709\uff0c\u4e26\u7d93\u7531\u6167\u79d1\u8a0a\u696d\u6709\u9650\u516c\u53f8\u767c\u653e\uff0c\u5982\u9700\u8f49\u767c\uff0c\u5fc5\u9808\u7372\u8a72\u5831\u540c\u610f\u3002\u7248\u6b0a\u6240\u6709\uff0c\u7ffb\u5370\u5fc5\u7a76\u3002"
                    ]
                }
            },
            {
                "_type": "HKCD",
                "highlight": {
                    "content": [
                        "\u5c40\u5c40\u9577\u6881<tag1>\u5bf6</tag1>\u69ae\ufe50\u6628\u65e5\u6703\u898b\u50b3\u5a92\u6642\u7a31\ufe50\u99d0\u4eac\u8fa6\u4e8b\u8655\u662f\u7279\u5340\u653f\u5e9c\u8207\u4e2d\u592e\u653f\u5e9c\u9ad8\u5c64\u6b21\u7684\u6e9d",
                        "    \u52a0\u5165\u516c\u52d9\u54e1\u884c\u5217\u9054\u5eff\u4e94\u5e74\u7684\u6881<tag1>\u5bf6</tag1>\u69ae\u8aaa\ufe50\u9019\u662f\u9996\u6b21\u5728\u9999\u6e2f\u4ee5\u5916\u5de5\u4f5c\ufe50\u4ed6\u5f62\u5bb9\u65b0\u5de5",
                        "\u5f80\u666e\u901a\u8a71\u8f03\u761b\u666e\u901a\u763c\u7684\u6881<tag1>\u5bf6</tag1>\u69ae\ufe50\u6628\u65e5\u6709\u50b3\u5a92\u4ee5\u666e\u901a\u8a71\u63d0\u554f\ufe50\u4ed6\u4ea6\u4ee5\u666e\u901a\u8a71\u56de\u61c9\ufe50\u8868",
                        "\u8077\u8207\u4e2d\u592e\u653f\u5e9c\u95dc\u4fc2\u5bc6\u5207\ufe50\u6703\u5426\u8207\u4e2d\u592e\u5b98\u54e1\u6e9d\u901a\u6642\u7522\u751f\u5c37\u5c2c\ufe56\u6881<tag1>\u5bf6</tag1>\u69ae\u8a8d\u70ba\ufe50\u82e5\u679c\u56e0\u4ed6",
                        "    \u8ac7\u5230\u5982\u4f55\u958b\u5c55\u99d0\u5317\u4eac\u8fa6\u4e8b\u8655\u7684\u5de5\u4f5c\ufe50\u6881<tag1>\u5bf6</tag1>\u69ae\u7a31\ufe50\u7531\u65bc\u6628\u65e5\u65e9\u4e0a\u624d\u7372\u6089\u653f\u5e9c\u516c\u5e03"
                    ]
                },
                "_index": "trec",
                "_id": "HKCD-19981014-0002",
                "_score": 4.847011,
                "_source": {
                    "content": [
                        "\u3010\u5546\u5831\u8a0a\u3011\u525b\u7372\u59d4\u4efb\u70ba\u9999\u6e2f\u7279\u5225\u884c\u653f\u5340\u653f\u5e9c\u99d0\u5317\u4eac\u8fa6\u4e8b\u8655\u4e3b\u4efb\u7684\u898f\u5283\u74b0\u5883\u5730\u653f",
                        "\u5c40\u5c40\u9577\u6881\u5bf6\u69ae\ufe50\u6628\u65e5\u6703\u898b\u50b3\u5a92\u6642\u7a31\ufe50\u99d0\u4eac\u8fa6\u4e8b\u8655\u662f\u7279\u5340\u653f\u5e9c\u8207\u4e2d\u592e\u653f\u5e9c\u9ad8\u5c64\u6b21\u7684\u6e9d",
                        "\u901a\u6e20\u9053\ufe50\u4ed6\u611f\u5230\u975e\u5e38\u69ae\u5e78\u53ca\u9ad8\u8208\u8abf\u4efb\u65b0\u8077\ufe50\u4e26\u8a8d\u70ba\u9019\u986f\u793a\u7279\u5340\u653f\u5e9c\uff64\u884c\u653f\u9577\u5b98\u8463\u5efa",
                        "\u83ef\u5c0d\u4ed6\u7684\u4fe1\u4efb\u3002",
                        "",
                        "    \u52a0\u5165\u516c\u52d9\u54e1\u884c\u5217\u9054\u5eff\u4e94\u5e74\u7684\u6881\u5bf6\u69ae\u8aaa\ufe50\u9019\u662f\u9996\u6b21\u5728\u9999\u6e2f\u4ee5\u5916\u5de5\u4f5c\ufe50\u4ed6\u5f62\u5bb9\u65b0\u5de5",
                        "\u4f5c\u5bcc\u6311\u6230\u6027\ufe54\u4eca\u6b21\u5916\u8abf\u81f3\u5317\u4eac\ufe50\u4ed6\u8b02\u592a\u592a\u5341\u5206\u652f\u6301\ufe50\u4e14\u6703\u96a8\u4ed6\u5f80\u5317\u4eac\u5c65\u65b0\u3002\u81f3\u65bc\u904e",
                        "\u5f80\u666e\u901a\u8a71\u8f03\u761b\u666e\u901a\u763c\u7684\u6881\u5bf6\u69ae\ufe50\u6628\u65e5\u6709\u50b3\u5a92\u4ee5\u666e\u901a\u8a71\u63d0\u554f\ufe50\u4ed6\u4ea6\u4ee5\u666e\u901a\u8a71\u56de\u61c9\ufe50\u8868",
                        "\u73fe\u6d41\u5229\ufe50\u4ed6\u7b11\u8aaa\ufe50\u76f8\u4fe1\u4e0a\u4efb\u5f8c\u8a00\u8a9e\u6e9d\u901a\u4e0d\u5b58\u5728\u554f\u984c\u3002",
                        "",
                        "    \u6709\u554f\u4ed6\u5728\u56de\u6b78\u524d\u66fe\u4efb\u672b\u4ee3\u6e2f\u7763\u5f6d\u5b9a\u5eb7\u7684\u79c1\u4eba\u79d8\u66f8\ufe50\u70ba\u5f6d\u5b9a\u5eb7\u7684\u653f\u7b56\u8b77\u822a\ufe50\u800c\u65b0",
                        "\u8077\u8207\u4e2d\u592e\u653f\u5e9c\u95dc\u4fc2\u5bc6\u5207\ufe50\u6703\u5426\u8207\u4e2d\u592e\u5b98\u54e1\u6e9d\u901a\u6642\u7522\u751f\u5c37\u5c2c\ufe56\u6881\u5bf6\u69ae\u8a8d\u70ba\ufe50\u82e5\u679c\u56e0\u4ed6",
                        "\u904e\u53bb\u7684\u8077\u4f4d\u800c\u6709\u4efb\u4f55\u5f71\u97ff\ufe50\u53bb\u5e74\u56de\u6b78\u5f8c\u4ed6\u4fbf\u4e0d\u80fd\u904e\u6e21\u6210\u70ba\u7279\u5340\u653f\u5e9c\u4e3b\u8981\u5b98\u54e1\u3002",
                        "",
                        "    \u8ac7\u5230\u5982\u4f55\u958b\u5c55\u99d0\u5317\u4eac\u8fa6\u4e8b\u8655\u7684\u5de5\u4f5c\ufe50\u6881\u5bf6\u69ae\u7a31\ufe50\u7531\u65bc\u6628\u65e5\u65e9\u4e0a\u624d\u7372\u6089\u653f\u5e9c\u516c\u5e03",
                        "\u65b0\u4efb\u547d\ufe50\u6545\u672a\u6709\u6a5f\u6703\u8207\u653f\u5236\u4e8b\u52d9\u5c40\u5c40\u9577\u5b6b\u660e\u63da\u8a0e\u8ad6\u99d0\u4eac\u8fa6\u7684\u5de5\u4f5c\ufe50\u4f46\u76f8\u4fe1\u8fa6\u4e8b\u8655\u7684",
                        "\u8077\u54e1\u8058\u7528\u6703\u662f\u9996\u8981\u5de5\u4f5c\u3002\u4ed6\u8aaa\ufe50\u99d0\u4eac\u8fa6\u4e8b\u8655\u76ee\u524d\u624d\u958b\u59cb\u88dd\u4fee\ufe50\u800c\u5728\u4ed6\u6b63\u5f0f\u5230\u4efb\u524d\ufe50",
                        "\u6703\u62bd\u7a7a\u4e0a\u4eac\u4e86\u89e3\u6e96\u5099\u5de5\u4f5c\u3002",
                        "",
                        "    \u4f5c\u70ba\u4e00\u500b\u65b0\u6210\u7acb\uff64\u5c08\u8cac\u8207\u4e2d\u592e\u653f\u5e9c\u53ca\u5176\u4ed6\u7701\u5e02\u6e9d\u901a\u7684\u8fa6\u4e8b\u8655\ufe50\u4ed6\u6df1\u77e5\u6709\u5f88\u591a\u5de5",
                        "\u4f5c\u8981\u6478\u7d22\ufe50\u5e0c\u671b\u4e0a\u4efb\u5f8c\ufe50\u53ef\u4ee5\u900f\u904e\u8fa6\u4e8b\u8655\u7684\u5de5\u4f5c\ufe50\u6539\u5584\u53ca\u4fc3\u9032\u7279\u5340\u653f\u5e9c\u8207\u4e2d\u592e\u7684\u95dc",
                        "\u4fc2\u3002",
                        "",
                        "    \u63d0\u5230\u8207\u5167\u5730\u5b98\u54e1\u6253\u4ea4\u9053\u7684\u5fc3\u5f97\u53ca\u5c0d\u5317\u4eac\u7684\u5370\u8c61\ufe50\u4ed6\u7a31\ufe50\u5c0d\u5317\u4eac\u5370\u8c61\u6df1\u523b\ufe50\u81f3\u65bc",
                        "\u8207\u5167\u5730\u5b98\u54e1\u6253\u4ea4\u9053\ufe50\u4ed6\u8aaa\ufe50\u5728\u76ee\u524d\u7684\u898f\u5283\u74b0\u5883\u7b49\u5de5\u4f5c\u7bc4\u7587\ufe50\u5df2\u8207\u5167\u5730\u5b98\u54e1\u6709\u5404\u65b9\u9762",
                        "\u7684\u63a5\u89f8\ufe50\u611f\u89ba\u4ed6\u5011\u975e\u5e38\u719f\u6089\u9999\u6e2f\ufe50\u4ea6\u6e05\u695a\u7279\u5340\u7684\u4e8b\u7279\u5340\u505a\ufe50\u7d55\u7121\u4efb\u4f55\u6697\u793a\u8981\u4ecb\u5165\u7279",
                        "\u5340\u4e8b\u52d9\u3002",
                        "",
                        "",
                        "",
                        "\u672c\u6587\u7ae0\u7248\u6b0a\u5c6c\u65bc\u9999\u6e2f\u5546\u5831\u6240\u6709\uff0c\u4e26\u7d93\u7531\u6167\u79d1\u8a0a\u696d\u6709\u9650\u516c\u53f8\u767c\u653e\uff0c\u5982\u9700\u8f49\u767c\uff0c\u5fc5\u9808\u7372\u8a72\u5831\u540c\u610f\u3002\u7248\u6b0a\u6240\u6709\uff0c\u7ffb\u5370\u5fc5\u7a76\u3002"
                    ]
                }
            },
            {
                "_type": "HKCD",
                "highlight": {
                    "content": [
                        "\u8ecd\u6fb3\uff64\u5751\u53e3\u548c<tag1>\u5bf6</tag1>\u7433\ufe50\u53e6\u6703\u5728\u5c07\u8ecd\u6fb3\u516b\u5341\u516d\u5340\u8a2d\u6709\u7f6e\u8eca\u5ee0\u3002\u800c\u7576\u8a72\u5340\u7684\u4eba\u53e3\u9054\u81f3\u9069\u7576",
                        "\u4e00\u6bb5\u7531\u5c07\u8ecd\u6fb3\u7ad9\u5411\u5317\u4f38\u5c55\u81f3<tag1>\u5bf6</tag1>\u7433\ufe50\u53e6\u4e00\u6bb5\u9032\u5165\u5c07\u8ecd\u6fb3\u5357\u90e8\u516b\u5341\u516d\u5340\u7684\u8eca\u5ee0\u53ca\u5c07\u8ecd\u6fb3",
                        "    \u5c07\u8ecd\u6fb3\u652f\u7dda\u5217\u8eca\u5c07\u884c\u8d70<tag1>\u5bf6</tag1>\u7433\u81f3\u5317\u89d2\u4e4b\u9593\ufe50\u5c07\u4f86\u89c0\u5858\u7dda\u5c07\u4e0d\u6703\u904e\u6d77\ufe50\u7d42\u9ede\u7ad9\u6539\u5728"
                    ]
                },
                "_index": "trec",
                "_id": "HKCD-19981021-0001",
                "_score": 4.824937,
                "_source": {
                    "content": [
                        "\u5730\u9435\u5c07\u8ecd\u6fb3\u652f\u7dda\u5168\u9577\u5341\u4e8c\u9ede\u4e94\u516c\u91cc\ufe50\u5c07\u8a2d\u6709\u4e94\u500b\u65b0\u8eca\u7ad9\ufe50\u5373\u6cb9\u5858\uff64\u8abf\u666f\u5dba\uff64\u5c07",
                        "\u8ecd\u6fb3\uff64\u5751\u53e3\u548c\u5bf6\u7433\ufe50\u53e6\u6703\u5728\u5c07\u8ecd\u6fb3\u516b\u5341\u516d\u5340\u8a2d\u6709\u7f6e\u8eca\u5ee0\u3002\u800c\u7576\u8a72\u5340\u7684\u4eba\u53e3\u9054\u81f3\u9069\u7576",
                        "\u7684\u589e\u9577\u6c34\u5e73\u6642\ufe50\u9810\u8a08\u4e8c\uff10\uff10\u4e94\u5e74\u5728\u8eca\u5ee0\u6240\u5728\u4f4d\u7f6e\u6703\u589e\u8a2d\u5c07\u8ecd\u6fb3\u5357\u7ad9\u3002",
                        "",
                        "    \u5c07\u8ecd\u6fb3\u652f\u7dda\u8def\u7dda\u5305\u62ec\ufe55\u5c07\u73fe\u6709\u89c0\u5858\u7dda\u7531\u85cd\u7530\u7ad9\u4f38\u5ef6\u81f3\u6cb9\u5858\u53ca\u8abf\u666f\u5dba\u7ad9\ufe54\u7531\u73fe\u6642",
                        "\u6771\u96a7\u4e5d\u9f8d\u51fa\u53e3\ufe50\u7d93\u6cb9\u5858\u9032\u5165\u5c07\u8ecd\u6fb3\u65b0\u5e02\u4e2d\u5fc3\ufe54\u5728\u5c07\u8ecd\u6fb3\u7ad9\u958b\u59cb\u884c\u8eca\u7dda\u5c07\u5206\u6210\u5169\u6bb5\ufe50",
                        "\u4e00\u6bb5\u7531\u5c07\u8ecd\u6fb3\u7ad9\u5411\u5317\u4f38\u5c55\u81f3\u5bf6\u7433\ufe50\u53e6\u4e00\u6bb5\u9032\u5165\u5c07\u8ecd\u6fb3\u5357\u90e8\u516b\u5341\u516d\u5340\u7684\u8eca\u5ee0\u53ca\u5c07\u8ecd\u6fb3",
                        "\u5357\u7ad9\uff08\u8def\u7dda\u8a73\u898b\u9644\u5716\uff09\u3002",
                        "",
                        "    ",
                        "    \u8de8\u6d77\u901a\u5317\u89d2\u53d6\u4ee3\u89c0\u5858\u7dda",
                        "",
                        "    ",
                        "    \u5c07\u8ecd\u6fb3\u652f\u7dda\u5217\u8eca\u5c07\u884c\u8d70\u5bf6\u7433\u81f3\u5317\u89d2\u4e4b\u9593\ufe50\u5c07\u4f86\u89c0\u5858\u7dda\u5c07\u4e0d\u6703\u904e\u6d77\ufe50\u7d42\u9ede\u7ad9\u6539\u5728",
                        "\u8abf\u666f\u5dba\ufe50\u89c0\u5858\u7dda\u7684\u4e58\u5ba2\u8981\u524d\u5f80\u6e2f\u5cf6\ufe50\u5fc5\u9808\u8981\u5728\u6cb9\u5858\u7ad9\u8f49\u4e58\u5c07\u8ecd\u6fb3\u652f\u7dda\ufe50\u7136\u5f8c\u518d\u5728"
                    ]
                }
            },
            {
                "_type": "HKCD",
                "highlight": {
                    "content": [
                        "<tag1>\u5bf6</tag1>\u901a\u9280\u884c\u6628\u65e5\u66f4\u63d0\u51fa\u63d0\u4f9b\u9996\u516d\u500b\u6708\u4f4e\u81f3\u516b\u5398\u7684\u6a13\u6309\u8a08\u5283\u3002",
                        "    \u842c\u570b<tag1>\u5bf6</tag1>\u901a\u8868\u793a\ufe50\u7531\u5373\u65e5\u8d77\u81f3\u56db\u6708\u5341\u4e00\u65e5\u671f\u9593\ufe50\u6240\u6709\u7f6e\u696d\u81ea\u4f4f\u4eba\u58eb\u5747\u53ef\u900f\u904e\u96fb\u8a71",
                        "\u6216\u50b3\u771f\u81f4\u842c\u570b<tag1>\u5bf6</tag1>\u901a\u9280\u884c\u7533\u8acb\u662f\u9805\u6309\u63ed\u606f\u7387\u512a\u60e0\u8a08\u5283\u3002\u6240\u6709\u6210\u529f\u7533\u8acb\u8005\u9664\u53ef\u4eab\u6709\u4f4e\u81f3"
                    ]
                },
                "_index": "trec",
                "_id": "HKCD-19990326-0002",
                "_score": 4.824937,
                "_source": {
                    "content": [
                        "\u3010\u5546\u5831\u8a0a\u3011\u7e7c\u8fd1\u671f\u9280\u884c\u591a\u4ee5\u512a\u60e0\u5229\u7387\u4f5c\u70ba\u6309\u63ed\u606f\u7387\u5f8c\ufe50\u842c\u570b",
                        "\u5bf6\u901a\u9280\u884c\u6628\u65e5\u66f4\u63d0\u51fa\u63d0\u4f9b\u9996\u516d\u500b\u6708\u4f4e\u81f3\u516b\u5398\u7684\u6a13\u6309\u8a08\u5283\u3002",
                        "",
                        "    \u842c\u570b\u5bf6\u901a\u8868\u793a\ufe50\u7531\u5373\u65e5\u8d77\u81f3\u56db\u6708\u5341\u4e00\u65e5\u671f\u9593\ufe50\u6240\u6709\u7f6e\u696d\u81ea\u4f4f\u4eba\u58eb\u5747\u53ef\u900f\u904e\u96fb\u8a71",
                        "\u6216\u50b3\u771f\u81f4\u842c\u570b\u5bf6\u901a\u9280\u884c\u7533\u8acb\u662f\u9805\u6309\u63ed\u606f\u7387\u512a\u60e0\u8a08\u5283\u3002\u6240\u6709\u6210\u529f\u7533\u8acb\u8005\u9664\u53ef\u4eab\u6709\u4f4e\u81f3",
                        "\u516b\u5398\u7684\u6a13\u5b87\u6309\u63ed\u5b9a\u606f\u512a\u60e0\u516d\u500b\u6708\u5916\ufe50\u66f4\u53ef\u4eab\u6709\u73fe\u91d1\u8cfc\u7269\u512a\u60e0\u5238\u53ca\u8f44\u514d\u591a\u9805\u8cbb\u7528\u3002\u4f46",
                        "\u7533\u8acb\u8005\u9808\u540c\u6642\u7b26\u5408\u4ee5\u4e0b\u689d\u4ef6\ufe55",
                        "",
                        "    \u00b7\u81e8\u6642\u8cb7\u8ce3\u5408\u7d04\u9808\u65bc\u4e5d\u4e5d\u5e74\u4e09\u6708\u4e8c\u5341\u4e94\u65e5\u6216\u4ee5\u5f8c\u7c3d\u8a02\ufe54",
                        "",
                        "    \u00b7\u5df2\u6279\u6838\u4e4b\u8cb8\u6b3e\u9808\u65bc\u4e5d\u4e5d\u5e74\u4e94\u6708\u4e09\u5341\u4e00\u65e5\u524d\u63d0\u53d6\u3002",
                        "",
                        "    \u65bc\u9996\u516d\u500b\u6708\u7684\u6a13\u6309\u606f\u7387\u512a\u60e0\u671f\u9593\ufe50\u6210\u529f\u7533\u8acb\u8005\u53ea\u9700\u7e73\u4ed8\u516b\u5398\u4e4b\u6a13\u5b87\u6309\u63ed\u606f\u7387\ufe50",
                        "\u4ee5\u5f8c\u4e4b\u606f\u7387\u5247\u76f8\u7b49\u65bc\u7576\u6642\u7684\u5e02\u5834\u512a\u60e0\u5229\u7387\u3002",
                        "",
                        "",
                        "",
                        "\u672c\u6587\u7ae0\u7248\u6b0a\u5c6c\u65bc\u9999\u6e2f\u5546\u5831\u6240\u6709\uff0c\u4e26\u7d93\u7531\u6167\u79d1\u8a0a\u696d\u6709\u9650\u516c\u53f8\u767c\u653e\uff0c\u5982\u9700\u8f49\u767c\uff0c\u5fc5\u9808\u7372\u8a72\u5831\u540c\u610f\u3002\u7248\u6b0a\u6240\u6709\uff0c\u7ffb\u5370\u5fc5\u7a76\u3002"
                    ]
                }
            }
        ],
        "total": 294,
        "max_score": 5.6502852
    },
    "timed_out": false,
    "took": 6,
    "_shards": {
        "skipped": 0,
        "total": 5,
        "successful": 5,
        "failed": 0
    }
}
